<?xml version="1.0" encoding="UTF-8"?>
<!-- Generated by org.testng.reporters.JUnitXMLReporter -->
<testsuite hostname="DHARSHI" ignored="0" name="Test" tests="8" failures="1" timestamp="17 Nov 2022 15:40:14 GMT" time="0.155" errors="0">
  <testcase name="tc10" time="0.011" classname="org.test.Failestest2"/>
  <testcase name="tc20" time="0.0" classname="org.test.Failestest2"/>
  <testcase name="tc30" time="0.0" classname="org.test.Failestest2"/>
  <testcase name="tc40" time="0.0" classname="org.test.Failestest2"/>
  <testcase name="tc1" time="0.0" classname="org.test.FailedTest"/>
  <testcase name="tc2" time="0.0" classname="org.test.FailedTest">
    <failure type="java.lang.AssertionError" message="expected [true] but found [false]">
      <![CDATA[java.lang.AssertionError: expected [true] but found [false]
at org.test.FailedTest.tc2(FailedTest.java:13)
... Removed 29 stack frames]]>
    </failure>
  </testcase> <!-- tc2 -->
  <testcase name="tc3" time="0.0" classname="org.test.FailedTest"/>
  <testcase name="tc4" time="0.003" classname="org.test.FailedTest"/>
</testsuite> <!-- Test -->
